<?xml version="1.0" encoding="UTF-8"?>
<testsuite name="UnitTest" tests="3" skipped="0" failures="0" errors="0" timestamp="2015-08-18T16:28:39" hostname="epicodus-107.local" time="0.002">
  <properties/>
  <testcase name="restaurant_getsRestaurantQuadrant_correctString" classname="UnitTest" time="0.001"/>
  <testcase name="restaurant_getsRestaurantName_correctString" classname="UnitTest" time="0.0"/>
  <testcase name="restaurant_instatiatesCorrectly" classname="UnitTest" time="0.0"/>
  <system-out><![CDATA[]]></system-out>
  <system-err><![CDATA[]]></system-err>
</testsuite>
