<?xml version="1.0" encoding="UTF-8"?>
<testsuite name="IntegrationTest" tests="1" skipped="0" failures="1" errors="0" timestamp="2015-08-18T16:43:39" hostname="epicodus-107.local" time="0.258">
  <properties/>
  <testcase name="rootTest" classname="IntegrationTest" time="0.258">
    <failure message="java.lang.AssertionError: &#10;Expecting:&#10; &lt;&quot;&lt;?xml version=&quot;1.0&quot; encoding=&quot;UTF-8&quot;?&gt;&#13;&#10;&lt;html&gt;&#13;&#10;  &lt;head&gt;&#13;&#10;    &lt;title&gt;&#13;&#10;      Restaurant List&#13;&#10;    &lt;/title&gt;&#13;&#10;    &lt;link rel=&quot;stylesheet&quot; href=&quot;https://maxcdn.bootstrapcdn.com/bootstrap/3.3.5/css/bootstrap.min.css&quot;/&gt;&#13;&#10;  &lt;/head&gt;&#13;&#10;  &lt;body&gt;&#13;&#10;    &lt;div class=&quot;container&quot;&gt;&#13;&#10;      &lt;h1&gt;&#13;&#10;        Restaurant List&#13;&#10;      &lt;/h1&gt;&#13;&#10;      &lt;p&gt;&#13;&#10;        Keep track of the restaurants you've been to!&#13;&#10;      &lt;/p&gt;&#13;&#10;      &lt;form action=&quot;/restaurant-list&quot; method=&quot;post&quot;&gt;&#13;&#10;        &lt;div class=&quot;form-group&quot;&gt;&#13;&#10;          &lt;label for=&quot;restaurantName&quot;&gt;&#13;&#10;            Restaurant Name:&#13;&#10;          &lt;/label&gt;&#13;&#10;          &lt;input name=&quot;restaurantName&quot; id=&quot;restaurantName&quot; type=&quot;text&quot; class=&quot;form-control&quot;/&gt;&#13;&#10;        &lt;/div&gt;&#13;&#10;        &lt;div class=&quot;form-group&quot;&gt;&#13;&#10;          &lt;label for=&quot;quadrant&quot;&gt;&#13;&#10;            Neighborhood:&#13;&#10;          &lt;/label&gt;&#13;&#10;          &lt;input type=&quot;radio&quot; name=&quot;quadrant&quot; value=&quot;nw&quot; checked=&quot;checked&quot;/&gt;&#13;&#10;          NW&#10;    &#13;&#10;          &lt;input type=&quot;radio&quot; name=&quot;quadrant&quot; value=&quot;ne&quot;/&gt;&#13;&#10;          NE&#10;    &#13;&#10;          &lt;input type=&quot;radio&quot; name=&quot;quadrant&quot; value=&quot;se&quot;/&gt;&#13;&#10;          SE&#10;    &#13;&#10;          &lt;input type=&quot;radio&quot; name=&quot;quadrant&quot; value=&quot;sw&quot;/&gt;&#13;&#10;          SW&#10;  &#13;&#10;        &lt;/div&gt;&#13;&#10;        &lt;button type=&quot;submit&quot; class=&quot;btn btn-success&quot;&gt;&#13;&#10;          Add&#13;&#10;        &lt;/button&gt;&#13;&#10;      &lt;/form&gt;&#13;&#10;    &lt;/div&gt;&#13;&#10;  &lt;/body&gt;&#13;&#10;&lt;/html&gt;&#13;&#10;&quot;&gt;&#10;to contain:&#10; &lt;&quot;Restaurasdf List&quot;&gt; " type="java.lang.AssertionError">java.lang.AssertionError: 
Expecting:
 &lt;&quot;&lt;?xml version=&quot;1.0&quot; encoding=&quot;UTF-8&quot;?&gt;
&lt;html&gt;
  &lt;head&gt;
    &lt;title&gt;
      Restaurant List
    &lt;/title&gt;
    &lt;link rel=&quot;stylesheet&quot; href=&quot;https://maxcdn.bootstrapcdn.com/bootstrap/3.3.5/css/bootstrap.min.css&quot;/&gt;
  &lt;/head&gt;
  &lt;body&gt;
    &lt;div class=&quot;container&quot;&gt;
      &lt;h1&gt;
        Restaurant List
      &lt;/h1&gt;
      &lt;p&gt;
        Keep track of the restaurants you've been to!
      &lt;/p&gt;
      &lt;form action=&quot;/restaurant-list&quot; method=&quot;post&quot;&gt;
        &lt;div class=&quot;form-group&quot;&gt;
          &lt;label for=&quot;restaurantName&quot;&gt;
            Restaurant Name:
          &lt;/label&gt;
          &lt;input name=&quot;restaurantName&quot; id=&quot;restaurantName&quot; type=&quot;text&quot; class=&quot;form-control&quot;/&gt;
        &lt;/div&gt;
        &lt;div class=&quot;form-group&quot;&gt;
          &lt;label for=&quot;quadrant&quot;&gt;
            Neighborhood:
          &lt;/label&gt;
          &lt;input type=&quot;radio&quot; name=&quot;quadrant&quot; value=&quot;nw&quot; checked=&quot;checked&quot;/&gt;
          NW
    
          &lt;input type=&quot;radio&quot; name=&quot;quadrant&quot; value=&quot;ne&quot;/&gt;
          NE
    
          &lt;input type=&quot;radio&quot; name=&quot;quadrant&quot; value=&quot;se&quot;/&gt;
          SE
    
          &lt;input type=&quot;radio&quot; name=&quot;quadrant&quot; value=&quot;sw&quot;/&gt;
          SW
  
        &lt;/div&gt;
        &lt;button type=&quot;submit&quot; class=&quot;btn btn-success&quot;&gt;
          Add
        &lt;/button&gt;
      &lt;/form&gt;
    &lt;/div&gt;
  &lt;/body&gt;
&lt;/html&gt;
&quot;&gt;
to contain:
 &lt;&quot;Restaurasdf List&quot;&gt; 
	at IntegrationTest.rootTest(IntegrationTest.java:23)
	at sun.reflect.NativeMethodAccessorImpl.invoke0(Native Method)
	at sun.reflect.NativeMethodAccessorImpl.invoke(NativeMethodAccessorImpl.java:62)
	at sun.reflect.DelegatingMethodAccessorImpl.invoke(DelegatingMethodAccessorImpl.java:43)
	at java.lang.reflect.Method.invoke(Method.java:497)
	at org.junit.runners.model.FrameworkMethod$1.runReflectiveCall(FrameworkMethod.java:50)
	at org.junit.internal.runners.model.ReflectiveCallable.run(ReflectiveCallable.java:12)
	at org.junit.runners.model.FrameworkMethod.invokeExplosively(FrameworkMethod.java:47)
	at org.junit.internal.runners.statements.InvokeMethod.evaluate(InvokeMethod.java:17)
	at org.junit.rules.TestWatcher$1.evaluate(TestWatcher.java:55)
	at org.junit.rules.TestWatcher$1.evaluate(TestWatcher.java:55)
	at org.junit.rules.RunRules.evaluate(RunRules.java:20)
	at org.junit.runners.ParentRunner.runLeaf(ParentRunner.java:325)
	at org.junit.runners.BlockJUnit4ClassRunner.runChild(BlockJUnit4ClassRunner.java:78)
	at org.junit.runners.BlockJUnit4ClassRunner.runChild(BlockJUnit4ClassRunner.java:57)
	at org.junit.runners.ParentRunner$3.run(ParentRunner.java:290)
	at org.junit.runners.ParentRunner$1.schedule(ParentRunner.java:71)
	at org.junit.runners.ParentRunner.runChildren(ParentRunner.java:288)
	at org.junit.runners.ParentRunner.access$000(ParentRunner.java:58)
	at org.junit.runners.ParentRunner$2.evaluate(ParentRunner.java:268)
	at org.junit.internal.runners.statements.RunAfters.evaluate(RunAfters.java:27)
	at org.junit.rules.ExternalResource$1.evaluate(ExternalResource.java:48)
	at org.junit.rules.RunRules.evaluate(RunRules.java:20)
	at org.junit.runners.ParentRunner.run(ParentRunner.java:363)
	at org.gradle.api.internal.tasks.testing.junit.JUnitTestClassExecuter.runTestClass(JUnitTestClassExecuter.java:86)
	at org.gradle.api.internal.tasks.testing.junit.JUnitTestClassExecuter.execute(JUnitTestClassExecuter.java:49)
	at org.gradle.api.internal.tasks.testing.junit.JUnitTestClassProcessor.processTestClass(JUnitTestClassProcessor.java:64)
	at org.gradle.api.internal.tasks.testing.SuiteTestClassProcessor.processTestClass(SuiteTestClassProcessor.java:50)
	at sun.reflect.NativeMethodAccessorImpl.invoke0(Native Method)
	at sun.reflect.NativeMethodAccessorImpl.invoke(NativeMethodAccessorImpl.java:62)
	at sun.reflect.DelegatingMethodAccessorImpl.invoke(DelegatingMethodAccessorImpl.java:43)
	at java.lang.reflect.Method.invoke(Method.java:497)
	at org.gradle.messaging.dispatch.ReflectionDispatch.dispatch(ReflectionDispatch.java:35)
	at org.gradle.messaging.dispatch.ReflectionDispatch.dispatch(ReflectionDispatch.java:24)
	at org.gradle.messaging.dispatch.ContextClassLoaderDispatch.dispatch(ContextClassLoaderDispatch.java:32)
	at org.gradle.messaging.dispatch.ProxyDispatchAdapter$DispatchingInvocationHandler.invoke(ProxyDispatchAdapter.java:93)
	at com.sun.proxy.$Proxy2.processTestClass(Unknown Source)
	at org.gradle.api.internal.tasks.testing.worker.TestWorker.processTestClass(TestWorker.java:106)
	at sun.reflect.NativeMethodAccessorImpl.invoke0(Native Method)
	at sun.reflect.NativeMethodAccessorImpl.invoke(NativeMethodAccessorImpl.java:62)
	at sun.reflect.DelegatingMethodAccessorImpl.invoke(DelegatingMethodAccessorImpl.java:43)
	at java.lang.reflect.Method.invoke(Method.java:497)
	at org.gradle.messaging.dispatch.ReflectionDispatch.dispatch(ReflectionDispatch.java:35)
	at org.gradle.messaging.dispatch.ReflectionDispatch.dispatch(ReflectionDispatch.java:24)
	at org.gradle.messaging.remote.internal.hub.MessageHub$Handler.run(MessageHub.java:360)
	at org.gradle.internal.concurrent.ExecutorPolicy$CatchAndRecordFailures.onExecute(ExecutorPolicy.java:54)
	at org.gradle.internal.concurrent.StoppableExecutorImpl$1.run(StoppableExecutorImpl.java:40)
	at java.util.concurrent.ThreadPoolExecutor.runWorker(ThreadPoolExecutor.java:1142)
	at java.util.concurrent.ThreadPoolExecutor$Worker.run(ThreadPoolExecutor.java:617)
	at java.lang.Thread.run(Thread.java:745)
</failure>
  </testcase>
  <system-out><![CDATA[]]></system-out>
  <system-err><![CDATA[[Thread-4] INFO spark.webserver.SparkServer - == Spark has ignited ...
[Thread-4] INFO spark.webserver.SparkServer - >> Listening on 0.0.0.0:4567
[Thread-4] INFO org.eclipse.jetty.server.Server - jetty-9.0.2.v20130417
[Thread-4] INFO org.eclipse.jetty.server.ServerConnector - Started ServerConnector@61218ffc{HTTP/1.1}{0.0.0.0:4567}
[Test worker] INFO spark.webserver.SparkServer - >>> Spark shutting down ...
[Test worker] INFO org.eclipse.jetty.server.Server - Graceful shutdown org.eclipse.jetty.server.Server@57a3d205 by 
[Test worker] INFO org.eclipse.jetty.server.ServerConnector - Stopped ServerConnector@61218ffc{HTTP/1.1}{0.0.0.0:4567}
[Test worker] INFO spark.webserver.SparkServer - done
]]></system-err>
</testsuite>
