<?xml version="1.0" encoding="UTF-8"?>
<testsuite name="UnitTest" tests="1" skipped="0" failures="0" errors="0" timestamp="2015-08-18T16:22:08" hostname="epicodus-107.local" time="0.001">
  <properties/>
  <testcase name="restaurant_instatiatesCorrectly" classname="UnitTest" time="0.001"/>
  <system-out><![CDATA[]]></system-out>
  <system-err><![CDATA[]]></system-err>
</testsuite>
