<?xml version="1.0" encoding="UTF-8"?>
<testsuite name="UnitTest" tests="2" skipped="0" failures="0" errors="0" timestamp="2015-08-18T05:20:11" hostname="Summer-PC" time="0.0">
  <properties/>
  <testcase name="task_instantiatesWithDescription_true" classname="UnitTest" time="0.0"/>
  <testcase name="Task_instantiatesCorrectly_true" classname="UnitTest" time="0.0"/>
  <system-out><![CDATA[]]></system-out>
  <system-err><![CDATA[]]></system-err>
</testsuite>
